\BOOKMARK [1][-]{section.1}{\376\377\225\356\230\230\133\232\116\111}{}% 1
\BOOKMARK [2][-]{subsection.1.1}{\376\377\137\025\212\000}{section.1}% 2
\BOOKMARK [3][-]{subsubsection.1.1.1}{\376\377\177\026\121\231\166\356\166\204}{subsection.1.1}% 3
\BOOKMARK [3][-]{subsubsection.1.1.2}{\376\377\123\302\200\003\215\104\145\231}{subsection.1.1}% 4
\BOOKMARK [3][-]{subsubsection.1.1.3}{\376\377\230\171\166\356\200\314\146\157}{subsection.1.1}% 5
\BOOKMARK [2][-]{subsection.1.2}{\376\377\165\050\142\067\166\204\162\171\160\271}{section.1}% 6
\BOOKMARK [1][-]{section.2}{\376\377\123\357\210\114\140\047\170\024\172\166\142\245\124\112}{}% 7
\BOOKMARK [2][-]{subsection.2.1}{\376\377\142\200\147\057\123\357\210\114\140\047}{section.2}% 8
\BOOKMARK [2][-]{subsection.2.2}{\376\377\176\317\155\116\123\357\210\114\140\047}{section.2}% 9
\BOOKMARK [2][-]{subsection.2.3}{\376\377\171\076\117\032\123\357\210\114\140\047}{section.2}% 10
\BOOKMARK [1][-]{section.3}{\376\377\227\000\154\102\122\006\147\220\142\245\124\112}{}% 11
\BOOKMARK [2][-]{subsection.3.1}{\376\377\137\025\212\000}{section.3}% 12
\BOOKMARK [3][-]{subsubsection.3.1.1}{\376\377\177\026\121\231\166\356\166\204}{subsection.3.1}% 13
\BOOKMARK [3][-]{subsubsection.3.1.2}{\376\377\147\057\213\355}{subsection.3.1}% 14
\BOOKMARK [2][-]{subsection.3.2}{\376\377\122\237\200\375\140\047\227\000\154\102}{section.3}% 15
\BOOKMARK [3][-]{subsubsection.3.2.1}{\376\377\122\237\200\375\227\000\154\102}{subsection.3.2}% 16
\BOOKMARK [3][-]{subsubsection.3.2.2}{\376\377\145\160\143\156\227\000\154\102}{subsection.3.2}% 17
\BOOKMARK [3][-]{subsubsection.3.2.3}{\376\377\210\114\116\072\227\000\154\102}{subsection.3.2}% 18
\BOOKMARK [2][-]{subsection.3.3}{\376\377\227\136\122\237\200\375\140\047\227\000\154\102}{section.3}% 19
\BOOKMARK [3][-]{subsubsection.3.3.1}{\376\377\140\047\200\375\227\000\154\102}{subsection.3.3}% 20
\BOOKMARK [3][-]{subsubsection.3.3.2}{\376\377\145\160\143\156\173\241\164\006\200\375\122\233\211\201\154\102}{subsection.3.3}% 21
\BOOKMARK [3][-]{subsubsection.3.3.3}{\376\377\133\211\121\150\123\312\117\335\133\306\140\047\211\201\154\102}{subsection.3.3}% 22
\BOOKMARK [1][-]{section.4}{\376\377\151\202\211\201\213\276\213\241\213\364\146\016}{}% 23
\BOOKMARK [2][-]{subsection.4.1}{\376\377\137\025\212\000}{section.4}% 24
\BOOKMARK [3][-]{subsubsection.4.1.1}{\376\377\177\026\121\231\166\356\166\204}{subsection.4.1}% 25
\BOOKMARK [3][-]{subsubsection.4.1.2}{\376\377\123\302\200\003\215\104\145\231}{subsection.4.1}% 26
\BOOKMARK [2][-]{subsection.4.2}{\376\377\140\073\117\123\213\276\213\241}{section.4}% 27
\BOOKMARK [3][-]{subsubsection.4.2.1}{\376\377\227\000\154\102\211\304\133\232}{subsection.4.2}% 28
\BOOKMARK [3][-]{subsubsection.4.2.2}{\376\377\174\373\176\337\140\073\117\123\220\073\217\221\176\323\147\204}{subsection.4.2}% 29
\BOOKMARK [2][-]{subsection.4.3}{\376\377\174\373\176\337\121\372\225\031\131\004\164\006\213\276\213\241}{section.4}% 30
\BOOKMARK [2][-]{subsection.4.4}{\376\377\143\245\123\343\213\276\213\241}{section.4}% 31
\BOOKMARK [3][-]{subsubsection.4.4.1}{\376\377\143\245\123\343\214\003\165\050\145\271\137\017}{subsection.4.4}% 32
\BOOKMARK [3][-]{subsubsection.4.4.2}{\376\377\143\245\123\343\145\160\143\156}{subsection.4.4}% 33
\BOOKMARK [1][-]{section.5}{\376\377\213\346\176\306\213\276\213\241}{}% 34
\BOOKMARK [2][-]{subsection.5.1}{\376\377\137\025\212\000}{section.5}% 35
\BOOKMARK [3][-]{subsubsection.5.1.1}{\376\377\177\026\121\231\166\356\166\204}{subsection.5.1}% 36
\BOOKMARK [3][-]{subsubsection.5.1.2}{\376\377\123\302\200\003\215\104\145\231}{subsection.5.1}% 37
\BOOKMARK [2][-]{subsection.5.2}{\376\377\000w\000e\000b\172\357\213\346\176\306\213\276\213\241}{section.5}% 38
\BOOKMARK [3][-]{subsubsection.5.2.1}{\376\377\231\226\230\165}{subsection.5.2}% 39
\BOOKMARK [3][-]{subsubsection.5.2.2}{\376\377\166\173\137\125}{subsection.5.2}% 40
\BOOKMARK [3][-]{subsubsection.5.2.3}{\376\377\155\073\122\250}{subsection.5.2}% 41
\BOOKMARK [3][-]{subsubsection.5.2.4}{\376\377\155\073\122\250\176\306\202\202}{subsection.5.2}% 42
\BOOKMARK [3][-]{subsubsection.5.2.5}{\376\377\171\076\126\342}{subsection.5.2}% 43
\BOOKMARK [3][-]{subsubsection.5.2.6}{\376\377\171\076\126\342\176\306\202\202}{subsection.5.2}% 44
\BOOKMARK [3][-]{subsubsection.5.2.7}{\376\377\171\076\126\342\173\241\164\006}{subsection.5.2}% 45
\BOOKMARK [3][-]{subsubsection.5.2.8}{\376\377\173\241\164\006\116\055\137\303}{subsection.5.2}% 46
\BOOKMARK [3][-]{subsubsection.5.2.9}{\376\377\133\241\150\070\116\055\137\303}{subsection.5.2}% 47
\BOOKMARK [2][-]{subsection.5.3}{\376\377\040\034\124\014\137\303\116\221\040\035\172\357\213\346\176\306\213\276\213\241}{section.5}% 48
\BOOKMARK [3][-]{subsubsection.5.3.1}{\376\377\231\226\230\165}{subsection.5.3}% 49
\BOOKMARK [3][-]{subsubsection.5.3.2}{\376\377\155\073\122\250}{subsection.5.3}% 50
\BOOKMARK [3][-]{subsubsection.5.3.3}{\376\377\155\073\122\250\176\306\202\202}{subsection.5.3}% 51
\BOOKMARK [3][-]{subsubsection.5.3.4}{\376\377\171\076\126\342}{subsection.5.3}% 52
\BOOKMARK [1][-]{section.6}{\376\377\217\157\116\366\155\113\213\325}{}% 53
\BOOKMARK [2][-]{subsection.6.1}{\376\377\144\315\117\134\145\271\154\325}{section.6}% 54
\BOOKMARK [3][-]{subsubsection.6.1.1}{\376\377\166\173\137\125}{subsection.6.1}% 55
\BOOKMARK [3][-]{subsubsection.6.1.2}{\376\377\166\173\121\372}{subsection.6.1}% 56
\BOOKMARK [3][-]{subsubsection.6.1.3}{\376\377\116\012\117\040\145\207\116\366}{subsection.6.1}% 57
\BOOKMARK [3][-]{subsubsection.6.1.4}{\376\377\116\013\217\175\145\207\116\366}{subsection.6.1}% 58
\BOOKMARK [2][-]{subsection.6.2}{\376\377\214\003\124\214\155\113\213\325}{section.6}% 59
\BOOKMARK [3][-]{subsubsection.6.2.1}{\376\377\166\173\137\125\155\113\213\325}{subsection.6.2}% 60
\BOOKMARK [3][-]{subsubsection.6.2.2}{\376\377\166\173\121\372\155\113\213\325}{subsection.6.2}% 61
\BOOKMARK [3][-]{subsubsection.6.2.3}{\376\377\116\012\117\040\145\207\116\366\155\113\213\325}{subsection.6.2}% 62
\BOOKMARK [3][-]{subsubsection.6.2.4}{\376\377\116\013\217\175\145\207\116\366\155\113\213\325}{subsection.6.2}% 63
