\BOOKMARK [1][-]{section.1}{\376\377\137\025\212\000}{}% 1
\BOOKMARK [2][-]{subsection.1.1}{\376\377\200\314\146\157}{section.1}% 2
\BOOKMARK [2][-]{subsection.1.2}{\376\377\120\107\213\276\124\214\176\246\147\137}{section.1}% 3
\BOOKMARK [2][-]{subsection.1.3}{\376\377\165\050\142\067\166\204\162\171\160\271}{section.1}% 4
\BOOKMARK [1][-]{section.2}{\376\377\122\237\200\375\227\000\154\102}{}% 5
\BOOKMARK [2][-]{subsection.2.1}{\376\377\174\373\176\337\203\003\126\364}{section.2}% 6
\BOOKMARK [3][-]{subsubsection.2.1.1}{\376\377\174\373\176\337\137\000\123\321\166\204\141\017\126\376}{subsection.2.1}% 7
\BOOKMARK [3][-]{subsubsection.2.1.2}{\376\377\136\224\165\050\166\356\150\007}{subsection.2.1}% 8
\BOOKMARK [3][-]{subsubsection.2.1.3}{\376\377\117\134\165\050\203\003\126\364}{subsection.2.1}% 9
\BOOKMARK [2][-]{subsection.2.2}{\376\377\174\373\176\337\117\123\174\373\176\323\147\204}{section.2}% 10
\BOOKMARK [2][-]{subsection.2.3}{\376\377\174\373\176\337\140\073\117\123\155\101\172\013}{section.2}% 11
\BOOKMARK [2][-]{subsection.2.4}{\376\377\227\000\154\102\122\006\147\220}{section.2}% 12
\BOOKMARK [3][-]{subsubsection.2.4.1}{\376\377\122\237\200\375\136\372\152\041}{subsection.2.4}% 13
\BOOKMARK [3][-]{subsubsection.2.4.2}{\376\377\145\160\143\156\136\372\152\041}{subsection.2.4}% 14
\BOOKMARK [3][-]{subsubsection.2.4.3}{\376\377\210\114\116\072\136\372\152\041}{subsection.2.4}% 15
\BOOKMARK [1][-]{section.3}{\376\377\000U\000I\000\040\227\000\154\102}{}% 16
\BOOKMARK [2][-]{subsection.3.1}{\376\377\000w\000e\000b\172\357}{section.3}% 17
\BOOKMARK [3][-]{subsubsection.3.1.1}{\376\377\231\226\230\165}{subsection.3.1}% 18
\BOOKMARK [3][-]{subsubsection.3.1.2}{\376\377\166\173\137\125}{subsection.3.1}% 19
\BOOKMARK [3][-]{subsubsection.3.1.3}{\376\377\155\073\122\250}{subsection.3.1}% 20
\BOOKMARK [3][-]{subsubsection.3.1.4}{\376\377\155\073\122\250\176\306\202\202}{subsection.3.1}% 21
\BOOKMARK [3][-]{subsubsection.3.1.5}{\376\377\171\076\126\342}{subsection.3.1}% 22
\BOOKMARK [3][-]{subsubsection.3.1.6}{\376\377\171\076\126\342\176\306\202\202}{subsection.3.1}% 23
\BOOKMARK [3][-]{subsubsection.3.1.7}{\376\377\171\076\126\342\173\241\164\006}{subsection.3.1}% 24
\BOOKMARK [3][-]{subsubsection.3.1.8}{\376\377\173\241\164\006\116\055\137\303}{subsection.3.1}% 25
\BOOKMARK [3][-]{subsubsection.3.1.9}{\376\377\133\241\150\070\116\055\137\303}{subsection.3.1}% 26
\BOOKMARK [2][-]{subsection.3.2}{\376\377\040\034\124\014\137\303\116\221\040\035\172\357}{section.3}% 27
\BOOKMARK [3][-]{subsubsection.3.2.1}{\376\377\231\226\230\165}{subsection.3.2}% 28
\BOOKMARK [3][-]{subsubsection.3.2.2}{\376\377\155\073\122\250}{subsection.3.2}% 29
\BOOKMARK [3][-]{subsubsection.3.2.3}{\376\377\155\073\122\250\176\306\202\202}{subsection.3.2}% 30
\BOOKMARK [3][-]{subsubsection.3.2.4}{\376\377\171\076\126\342}{subsection.3.2}% 31
\BOOKMARK [1][-]{section.4}{\376\377\227\136\122\237\200\375\227\000\154\102}{}% 32
\BOOKMARK [2][-]{subsection.4.1}{\376\377\140\047\200\375\227\000\154\102}{section.4}% 33
\BOOKMARK [3][-]{subsubsection.4.1.1}{\376\377\145\366\225\364\162\171\140\047\211\201\154\102}{subsection.4.1}% 34
\BOOKMARK [3][-]{subsubsection.4.1.2}{\376\377\116\012\117\040\145\207\116\366\211\201\154\102}{subsection.4.1}% 35
\BOOKMARK [3][-]{subsubsection.4.1.3}{\376\377\155\101\221\317\211\201\154\102}{subsection.4.1}% 36
\BOOKMARK [2][-]{subsection.4.2}{\376\377\145\160\143\156\173\241\164\006\200\375\122\233\211\201\154\102}{section.4}% 37
\BOOKMARK [2][-]{subsection.4.3}{\376\377\133\211\121\150\123\312\117\335\133\306\140\047\211\201\154\102}{section.4}% 38
\BOOKMARK [2][-]{subsection.4.4}{\376\377\160\165\155\073\140\047\211\201\154\102}{section.4}% 39
\BOOKMARK [2][-]{subsection.4.5}{\376\377\121\166\116\326\116\023\225\350\211\201\154\102}{section.4}% 40
\BOOKMARK [1][-]{section.5}{\376\377\217\320\210\114\163\257\130\203\211\304\133\232}{}% 41
\BOOKMARK [2][-]{subsection.5.1}{\376\377\213\276\131\007}{section.5}% 42
\BOOKMARK [2][-]{subsection.5.2}{\376\377\145\057\143\001\217\157\116\366}{section.5}% 43
\BOOKMARK [1][-]{section.6}{\376\377\227\000\154\102\215\337\216\052}{}% 44
\BOOKMARK [1][-]{section.7}{\376\377\226\104\137\125}{}% 45
